Traceback (most recent call last):
  File "/opt/hostedtoolcache/Python/3.7.15/x64/lib/python3.7/site-packages/jupyter_cache/executors/utils.py", line 56, in single_nb_execution
    record_timing=False,
  File "/opt/hostedtoolcache/Python/3.7.15/x64/lib/python3.7/site-packages/nbclient/client.py", line 1204, in execute
    return NotebookClient(nb=nb, resources=resources, km=km, **kwargs).execute()
  File "/opt/hostedtoolcache/Python/3.7.15/x64/lib/python3.7/site-packages/nbclient/util.py", line 84, in wrapped
    return just_run(coro(*args, **kwargs))
  File "/opt/hostedtoolcache/Python/3.7.15/x64/lib/python3.7/site-packages/nbclient/util.py", line 62, in just_run
    return loop.run_until_complete(coro)
  File "/opt/hostedtoolcache/Python/3.7.15/x64/lib/python3.7/asyncio/base_events.py", line 587, in run_until_complete
    return future.result()
  File "/opt/hostedtoolcache/Python/3.7.15/x64/lib/python3.7/site-packages/nbclient/client.py", line 664, in async_execute
    cell, index, execution_count=self.code_cells_executed + 1
  File "/opt/hostedtoolcache/Python/3.7.15/x64/lib/python3.7/site-packages/nbclient/client.py", line 965, in async_execute_cell
    await self._check_raise_for_error(cell, cell_index, exec_reply)
  File "/opt/hostedtoolcache/Python/3.7.15/x64/lib/python3.7/site-packages/nbclient/client.py", line 862, in _check_raise_for_error
    raise CellExecutionError.from_cell_and_msg(cell, exec_reply_content)
nbclient.exceptions.CellExecutionError: An error occurred while executing the following cell:
------------------
import numpy as np

## Loading all tracks from the dataset
carnatic_tracks = saraga_carnatic.load_tracks()

## Get available ragas
available_raagas = np.unique([carnatic_tracks[x].metadata["raaga"] for x in saraga_carnatic.track_ids])
available_raagas
------------------

[0;31m---------------------------------------------------------------------------[0m
[0;31mFileNotFoundError[0m                         Traceback (most recent call last)
[0;32m/tmp/ipykernel_2892/4020414023.py[0m in [0;36m<module>[0;34m[0m
[1;32m      5[0m [0;34m[0m[0m
[1;32m      6[0m [0;31m## Get available ragas[0m[0;34m[0m[0;34m[0m[0;34m[0m[0m
[0;32m----> 7[0;31m [0mavailable_raagas[0m [0;34m=[0m [0mnp[0m[0;34m.[0m[0munique[0m[0;34m([0m[0;34m[[0m[0mcarnatic_tracks[0m[0;34m[[0m[0mx[0m[0;34m][0m[0;34m.[0m[0mmetadata[0m[0;34m[[0m[0;34m"raaga"[0m[0;34m][0m [0;32mfor[0m [0mx[0m [0;32min[0m [0msaraga_carnatic[0m[0;34m.[0m[0mtrack_ids[0m[0;34m][0m[0;34m)[0m[0;34m[0m[0;34m[0m[0m
[0m[1;32m      8[0m [0mavailable_raagas[0m[0;34m[0m[0;34m[0m[0m

[0;32m/tmp/ipykernel_2892/4020414023.py[0m in [0;36m<listcomp>[0;34m(.0)[0m
[1;32m      5[0m [0;34m[0m[0m
[1;32m      6[0m [0;31m## Get available ragas[0m[0;34m[0m[0;34m[0m[0;34m[0m[0m
[0;32m----> 7[0;31m [0mavailable_raagas[0m [0;34m=[0m [0mnp[0m[0;34m.[0m[0munique[0m[0;34m([0m[0;34m[[0m[0mcarnatic_tracks[0m[0;34m[[0m[0mx[0m[0;34m][0m[0;34m.[0m[0mmetadata[0m[0;34m[[0m[0;34m"raaga"[0m[0;34m][0m [0;32mfor[0m [0mx[0m [0;32min[0m [0msaraga_carnatic[0m[0;34m.[0m[0mtrack_ids[0m[0;34m][0m[0;34m)[0m[0;34m[0m[0;34m[0m[0m
[0m[1;32m      8[0m [0mavailable_raagas[0m[0;34m[0m[0;34m[0m[0m

[0;32m/opt/hostedtoolcache/Python/3.7.15/x64/lib/python3.7/site-packages/mirdata/core.py[0m in [0;36m__get__[0;34m(self, obj, cls)[0m
[1;32m     44[0m         [0;32mif[0m [0mobj[0m [0;32mis[0m [0;32mNone[0m[0;34m:[0m[0;34m[0m[0;34m[0m[0m
[1;32m     45[0m             [0;32mreturn[0m [0mself[0m[0;34m[0m[0;34m[0m[0m
[0;32m---> 46[0;31m         [0mvalue[0m [0;34m=[0m [0mobj[0m[0;34m.[0m[0m__dict__[0m[0;34m[[0m[0mself[0m[0;34m.[0m[0mfunc[0m[0;34m.[0m[0m__name__[0m[0;34m][0m [0;34m=[0m [0mself[0m[0;34m.[0m[0mfunc[0m[0;34m([0m[0mobj[0m[0;34m)[0m[0;34m[0m[0;34m[0m[0m
[0m[1;32m     47[0m         [0;32mreturn[0m [0mvalue[0m[0;34m[0m[0;34m[0m[0m
[1;32m     48[0m [0;34m[0m[0m

[0;32m/opt/hostedtoolcache/Python/3.7.15/x64/lib/python3.7/site-packages/mirdata/datasets/saraga_carnatic.py[0m in [0;36mmetadata[0;34m(self)[0m
[1;32m    161[0m     [0;34m@[0m[0mcore[0m[0;34m.[0m[0mcached_property[0m[0;34m[0m[0;34m[0m[0m
[1;32m    162[0m     [0;32mdef[0m [0mmetadata[0m[0;34m([0m[0mself[0m[0;34m)[0m[0;34m:[0m[0;34m[0m[0;34m[0m[0m
[0;32m--> 163[0;31m         [0;32mreturn[0m [0mload_metadata[0m[0;34m([0m[0mself[0m[0;34m.[0m[0mmetadata_path[0m[0;34m)[0m[0;34m[0m[0;34m[0m[0m
[0m[1;32m    164[0m [0;34m[0m[0m
[1;32m    165[0m     [0;34m@[0m[0mcore[0m[0;34m.[0m[0mcached_property[0m[0;34m[0m[0;34m[0m[0m

[0;32m/opt/hostedtoolcache/Python/3.7.15/x64/lib/python3.7/site-packages/mirdata/io.py[0m in [0;36mwrapper[0;34m(file_path_or_obj)[0m
[1;32m     20[0m             [0;32mreturn[0m [0;32mNone[0m[0;34m[0m[0;34m[0m[0m
[1;32m     21[0m         [0;32mif[0m [0misinstance[0m[0;34m([0m[0mfile_path_or_obj[0m[0;34m,[0m [0mstr[0m[0;34m)[0m[0;34m:[0m[0;34m[0m[0;34m[0m[0m
[0;32m---> 22[0;31m             [0;32mwith[0m [0mopen[0m[0;34m([0m[0mfile_path_or_obj[0m[0;34m)[0m [0;32mas[0m [0mf[0m[0;34m:[0m[0;34m[0m[0;34m[0m[0m
[0m[1;32m     23[0m                 [0;32mreturn[0m [0mfunc[0m[0;34m([0m[0mf[0m[0;34m)[0m[0;34m[0m[0;34m[0m[0m
[1;32m     24[0m         [0;32melif[0m [0misinstance[0m[0;34m([0m[0mfile_path_or_obj[0m[0;34m,[0m [0mio[0m[0;34m.[0m[0mStringIO[0m[0;34m)[0m[0;34m:[0m[0;34m[0m[0;34m[0m[0m

[0;32m/opt/hostedtoolcache/Python/3.7.15/x64/lib/python3.7/site-packages/smart_open/smart_open_lib.py[0m in [0;36mopen[0;34m(uri, mode, buffering, encoding, errors, newline, closefd, opener, compression, transport_params)[0m
[1;32m    182[0m         [0mencoding[0m[0;34m=[0m[0mencoding[0m[0;34m,[0m[0;34m[0m[0;34m[0m[0m
[1;32m    183[0m         [0merrors[0m[0;34m=[0m[0merrors[0m[0;34m,[0m[0;34m[0m[0;34m[0m[0m
[0;32m--> 184[0;31m         [0mnewline[0m[0;34m=[0m[0mnewline[0m[0;34m,[0m[0;34m[0m[0;34m[0m[0m
[0m[1;32m    185[0m     )
[1;32m    186[0m     [0;32mif[0m [0mfobj[0m [0;32mis[0m [0;32mnot[0m [0;32mNone[0m[0;34m:[0m[0;34m[0m[0;34m[0m[0m

[0;32m/opt/hostedtoolcache/Python/3.7.15/x64/lib/python3.7/site-packages/smart_open/smart_open_lib.py[0m in [0;36m_shortcut_open[0;34m(uri, mode, compression, buffering, encoding, errors, newline)[0m
[1;32m    361[0m         [0mopen_kwargs[0m[0;34m[[0m[0;34m'errors'[0m[0;34m][0m [0;34m=[0m [0merrors[0m[0;34m[0m[0;34m[0m[0m
[1;32m    362[0m [0;34m[0m[0m
[0;32m--> 363[0;31m     [0;32mreturn[0m [0m_builtin_open[0m[0;34m([0m[0mlocal_path[0m[0;34m,[0m [0mmode[0m[0;34m,[0m [0mbuffering[0m[0;34m=[0m[0mbuffering[0m[0;34m,[0m [0;34m**[0m[0mopen_kwargs[0m[0;34m)[0m[0;34m[0m[0;34m[0m[0m
[0m[1;32m    364[0m [0;34m[0m[0m
[1;32m    365[0m [0;34m[0m[0m

[0;31mFileNotFoundError[0m: [Errno 2] No such file or directory: '/home/runner/mir_datasets/saraga_carnatic/saraga1.5_carnatic/Sumitra Nitin at Arkay by Sumitra Nitin/Dorakuna/Dorakuna.json'
FileNotFoundError: [Errno 2] No such file or directory: '/home/runner/mir_datasets/saraga_carnatic/saraga1.5_carnatic/Sumitra Nitin at Arkay by Sumitra Nitin/Dorakuna/Dorakuna.json'

