Traceback (most recent call last):
  File "/opt/hostedtoolcache/Python/3.7.15/x64/lib/python3.7/site-packages/jupyter_cache/executors/utils.py", line 56, in single_nb_execution
    record_timing=False,
  File "/opt/hostedtoolcache/Python/3.7.15/x64/lib/python3.7/site-packages/nbclient/client.py", line 1204, in execute
    return NotebookClient(nb=nb, resources=resources, km=km, **kwargs).execute()
  File "/opt/hostedtoolcache/Python/3.7.15/x64/lib/python3.7/site-packages/nbclient/util.py", line 84, in wrapped
    return just_run(coro(*args, **kwargs))
  File "/opt/hostedtoolcache/Python/3.7.15/x64/lib/python3.7/site-packages/nbclient/util.py", line 62, in just_run
    return loop.run_until_complete(coro)
  File "/opt/hostedtoolcache/Python/3.7.15/x64/lib/python3.7/asyncio/base_events.py", line 587, in run_until_complete
    return future.result()
  File "/opt/hostedtoolcache/Python/3.7.15/x64/lib/python3.7/site-packages/nbclient/client.py", line 664, in async_execute
    cell, index, execution_count=self.code_cells_executed + 1
  File "/opt/hostedtoolcache/Python/3.7.15/x64/lib/python3.7/site-packages/nbclient/client.py", line 965, in async_execute_cell
    await self._check_raise_for_error(cell, cell_index, exec_reply)
  File "/opt/hostedtoolcache/Python/3.7.15/x64/lib/python3.7/site-packages/nbclient/client.py", line 862, in _check_raise_for_error
    raise CellExecutionError.from_cell_and_msg(cell, exec_reply_content)
nbclient.exceptions.CellExecutionError: An error occurred while executing the following cell:
------------------
# We first initialize the tool we have just imported
tonic_multipitch = TonicIndianMultiPitch()

# Let's first see the specific attributes of this tool
attributes = [x for x in dir(tonic_multipitch) if "__" not in x]
print(attributes)
------------------

[0;31m---------------------------------------------------------------------------[0m
[0;31mNameError[0m                                 Traceback (most recent call last)
[0;32m/tmp/ipykernel_3146/3611672670.py[0m in [0;36m<module>[0;34m[0m
[1;32m      1[0m [0;31m# We first initialize the tool we have just imported[0m[0;34m[0m[0;34m[0m[0;34m[0m[0m
[0;32m----> 2[0;31m [0mtonic_multipitch[0m [0;34m=[0m [0mTonicIndianMultiPitch[0m[0;34m([0m[0;34m)[0m[0;34m[0m[0;34m[0m[0m
[0m[1;32m      3[0m [0;34m[0m[0m
[1;32m      4[0m [0;31m# Let's first see the specific attributes of this tool[0m[0;34m[0m[0;34m[0m[0;34m[0m[0m
[1;32m      5[0m [0mattributes[0m [0;34m=[0m [0;34m[[0m[0mx[0m [0;32mfor[0m [0mx[0m [0;32min[0m [0mdir[0m[0;34m([0m[0mtonic_multipitch[0m[0;34m)[0m [0;32mif[0m [0;34m"__"[0m [0;32mnot[0m [0;32min[0m [0mx[0m[0;34m][0m[0;34m[0m[0;34m[0m[0m

[0;31mNameError[0m: name 'TonicIndianMultiPitch' is not defined
NameError: name 'TonicIndianMultiPitch' is not defined

